

Started GET "/" for 127.0.0.1 at 2015-03-14 21:21:07 +0100

ActiveRecord::PendingMigrationError (Migrations are pending; run 'bin/rake db:migrate RAILS_ENV=development' to resolve this issue.):
  activerecord (4.0.10) lib/active_record/migration.rb:383:in `check_pending!'
  activerecord (4.0.10) lib/active_record/migration.rb:370:in `call'
  actionpack (4.0.10) lib/action_dispatch/middleware/callbacks.rb:29:in `block in call'
  activesupport (4.0.10) lib/active_support/callbacks.rb:373:in `_run__399801303__call__callbacks'
  activesupport (4.0.10) lib/active_support/callbacks.rb:80:in `run_callbacks'
  actionpack (4.0.10) lib/action_dispatch/middleware/callbacks.rb:27:in `call'
  actionpack (4.0.10) lib/action_dispatch/middleware/reloader.rb:64:in `call'
  actionpack (4.0.10) lib/action_dispatch/middleware/remote_ip.rb:76:in `call'
  actionpack (4.0.10) lib/action_dispatch/middleware/debug_exceptions.rb:17:in `call'
  actionpack (4.0.10) lib/action_dispatch/middleware/show_exceptions.rb:30:in `call'
  railties (4.0.10) lib/rails/rack/logger.rb:38:in `call_app'
  railties (4.0.10) lib/rails/rack/logger.rb:20:in `block in call'
  activesupport (4.0.10) lib/active_support/tagged_logging.rb:68:in `block in tagged'
  activesupport (4.0.10) lib/active_support/tagged_logging.rb:26:in `tagged'
  activesupport (4.0.10) lib/active_support/tagged_logging.rb:68:in `tagged'
  railties (4.0.10) lib/rails/rack/logger.rb:20:in `call'
  actionpack (4.0.10) lib/action_dispatch/middleware/request_id.rb:21:in `call'
  rack (1.5.2) lib/rack/methodoverride.rb:21:in `call'
  rack (1.5.2) lib/rack/runtime.rb:17:in `call'
  activesupport (4.0.10) lib/active_support/cache/strategy/local_cache.rb:83:in `call'
  rack (1.5.2) lib/rack/lock.rb:17:in `call'
  actionpack (4.0.10) lib/action_dispatch/middleware/static.rb:64:in `call'
  rack (1.5.2) lib/rack/sendfile.rb:112:in `call'
  railties (4.0.10) lib/rails/engine.rb:511:in `call'
  railties (4.0.10) lib/rails/application.rb:97:in `call'
  rack (1.5.2) lib/rack/lock.rb:17:in `call'
  rack (1.5.2) lib/rack/content_length.rb:14:in `call'
  rack (1.5.2) lib/rack/handler/webrick.rb:60:in `service'
  C:/RailsInstaller/Ruby2.0.0/lib/ruby/2.0.0/webrick/httpserver.rb:138:in `service'
  C:/RailsInstaller/Ruby2.0.0/lib/ruby/2.0.0/webrick/httpserver.rb:94:in `run'
  C:/RailsInstaller/Ruby2.0.0/lib/ruby/2.0.0/webrick/server.rb:295:in `block in start_thread'


  Rendered C:/RailsInstaller/Ruby2.0.0/lib/ruby/gems/2.0.0/gems/actionpack-4.0.10/lib/action_dispatch/middleware/templates/rescues/_source.erb (0.0ms)
  Rendered C:/RailsInstaller/Ruby2.0.0/lib/ruby/gems/2.0.0/gems/actionpack-4.0.10/lib/action_dispatch/middleware/templates/rescues/_trace.erb (15.6ms)
  Rendered C:/RailsInstaller/Ruby2.0.0/lib/ruby/gems/2.0.0/gems/actionpack-4.0.10/lib/action_dispatch/middleware/templates/rescues/_request_and_response.erb (0.0ms)
  Rendered C:/RailsInstaller/Ruby2.0.0/lib/ruby/gems/2.0.0/gems/actionpack-4.0.10/lib/action_dispatch/middleware/templates/rescues/diagnostics.erb within rescues/layout (31.2ms)
  [1m[36m (5.0ms)[0m  [1mCREATE TABLE "schema_migrations" ("version" varchar(255) NOT NULL) [0m
  [1m[35m (109.0ms)[0m  CREATE UNIQUE INDEX "unique_schema_migrations" ON "schema_migrations" ("version")
  [1m[36mActiveRecord::SchemaMigration Load (1.0ms)[0m  [1mSELECT "schema_migrations".* FROM "schema_migrations"[0m
Migrating to CreateEvents (20121121153536)
  [1m[35m (1.0ms)[0m  begin transaction
  [1m[36m (2.0ms)[0m  [1mCREATE TABLE "events" ("id" INTEGER PRIMARY KEY AUTOINCREMENT NOT NULL, "name" varchar(255), "location" varchar(255), "price" decimal, "created_at" datetime, "updated_at" datetime) [0m
  [1m[35mSQL (0.0ms)[0m  INSERT INTO "schema_migrations" ("version") VALUES (?)  [["version", "20121121153536"]]
  [1m[36m (5.0ms)[0m  [1mcommit transaction[0m
Migrating to AddFieldsToEvents (20121121175436)
  [1m[35m (0.0ms)[0m  begin transaction
  [1m[36m (2.0ms)[0m  [1mALTER TABLE "events" ADD "starts_at" datetime[0m
  [1m[35m (1.0ms)[0m  ALTER TABLE "events" ADD "description" text
  [1m[36mSQL (0.0ms)[0m  [1mINSERT INTO "schema_migrations" ("version") VALUES (?)[0m  [["version", "20121121175436"]]
  [1m[35m (3.0ms)[0m  commit transaction
Migrating to AddImageFileAndCapacityToEvents (20121210230623)
  [1m[36m (0.0ms)[0m  [1mbegin transaction[0m
  [1m[35m (1.0ms)[0m  ALTER TABLE "events" ADD "image_file_name" varchar(255)
  [1m[36m (0.0ms)[0m  [1mALTER TABLE "events" ADD "capacity" integer DEFAULT 1[0m
  [1m[35mSQL (0.0ms)[0m  INSERT INTO "schema_migrations" ("version") VALUES (?)  [["version", "20121210230623"]]
  [1m[36m (5.0ms)[0m  [1mcommit transaction[0m
Migrating to CreateRegistrations (20121214204822)
  [1m[35m (1.0ms)[0m  begin transaction
  [1m[36m (2.0ms)[0m  [1mCREATE TABLE "registrations" ("id" INTEGER PRIMARY KEY AUTOINCREMENT NOT NULL, "name" varchar(255), "email" varchar(255), "how_heard" varchar(255), "event_id" integer, "created_at" datetime, "updated_at" datetime) [0m
  [1m[35m (0.0ms)[0m  CREATE INDEX "index_registrations_on_event_id" ON "registrations" ("event_id")
  [1m[36mSQL (1.0ms)[0m  [1mINSERT INTO "schema_migrations" ("version") VALUES (?)[0m  [["version", "20121214204822"]]
  [1m[35m (3.0ms)[0m  commit transaction
  [1m[36mActiveRecord::SchemaMigration Load (0.0ms)[0m  [1mSELECT "schema_migrations".* FROM "schema_migrations"[0m


Started GET "/" for 127.0.0.1 at 2015-03-14 21:24:29 +0100
  [1m[36mActiveRecord::SchemaMigration Load (0.0ms)[0m  [1mSELECT "schema_migrations".* FROM "schema_migrations"[0m
Processing by EventsController#index as HTML
  [1m[35mEvent Load (0.0ms)[0m  SELECT "events".* FROM "events" WHERE (starts_at >= '2015-03-14 20:24:29.445843') ORDER BY "events"."starts_at" ASC
  Rendered events/index.html.erb within layouts/application (0.0ms)
  Rendered layouts/_header.html.erb (0.0ms)
  Rendered layouts/_flashes.html.erb (0.0ms)
  Rendered layouts/_sidebar.html.erb (0.0ms)
  Rendered layouts/_footer.html.erb (0.0ms)
Completed 200 OK in 3385ms (Views: 3354.0ms | ActiveRecord: 0.0ms)


Started GET "/assets/application.css?body=1" for 127.0.0.1 at 2015-03-14 21:24:32 +0100


Started GET "/assets/normalize.css?body=1" for 127.0.0.1 at 2015-03-14 21:24:33 +0100


Started GET "/assets/events.css?body=1" for 127.0.0.1 at 2015-03-14 21:24:33 +0100


Started GET "/assets/layout.css?body=1" for 127.0.0.1 at 2015-03-14 21:24:33 +0100


Started GET "/assets/buttons.css?body=1" for 127.0.0.1 at 2015-03-14 21:24:33 +0100


Started GET "/assets/elements.css?body=1" for 127.0.0.1 at 2015-03-14 21:24:33 +0100


Started GET "/assets/forms.css?body=1" for 127.0.0.1 at 2015-03-14 21:24:33 +0100


Started GET "/assets/jquery.js?body=1" for 127.0.0.1 at 2015-03-14 21:24:33 +0100


Started GET "/assets/jquery_ujs.js?body=1" for 127.0.0.1 at 2015-03-14 21:24:33 +0100


Started GET "/assets/turbolinks.js?body=1" for 127.0.0.1 at 2015-03-14 21:24:33 +0100


Started GET "/assets/events.js?body=1" for 127.0.0.1 at 2015-03-14 21:24:33 +0100


Started GET "/assets/registrations.js?body=1" for 127.0.0.1 at 2015-03-14 21:24:33 +0100


Started GET "/assets/application.js?body=1" for 127.0.0.1 at 2015-03-14 21:24:33 +0100


Started GET "/assets/background.jpg" for 127.0.0.1 at 2015-03-14 21:24:34 +0100


Started GET "/assets/logo.png" for 127.0.0.1 at 2015-03-14 21:24:34 +0100


Started GET "/assets/arrow.png" for 127.0.0.1 at 2015-03-14 21:24:34 +0100


Started GET "/assets/add.png" for 127.0.0.1 at 2015-03-14 21:24:34 +0100


Started GET "/events" for 127.0.0.1 at 2015-03-14 21:24:38 +0100
Processing by EventsController#index as HTML
  [1m[36mEvent Load (0.0ms)[0m  [1mSELECT "events".* FROM "events" WHERE (starts_at >= '2015-03-14 20:24:38.119458') ORDER BY "events"."starts_at" ASC[0m
  Rendered events/index.html.erb within layouts/application (15.6ms)
  Rendered layouts/_header.html.erb (0.0ms)
  Rendered layouts/_flashes.html.erb (0.0ms)
  Rendered layouts/_sidebar.html.erb (0.0ms)
  Rendered layouts/_footer.html.erb (0.0ms)
Completed 200 OK in 31ms (Views: 31.2ms | ActiveRecord: 0.0ms)


Started GET "/events/new" for 127.0.0.1 at 2015-03-14 21:24:39 +0100
Processing by EventsController#new as HTML
  Rendered shared/_errors.html.erb (15.6ms)
  Rendered events/_form.html.erb (140.4ms)
  Rendered events/new.html.erb within layouts/application (187.2ms)
  Rendered layouts/_header.html.erb (0.0ms)
  Rendered layouts/_flashes.html.erb (0.0ms)
  Rendered layouts/_sidebar.html.erb (0.0ms)
  Rendered layouts/_footer.html.erb (0.0ms)
Completed 200 OK in 218ms (Views: 218.4ms | ActiveRecord: 0.0ms)


Started GET "/events/new" for 127.0.0.1 at 2015-03-14 21:24:40 +0100
Processing by EventsController#new as HTML
  Rendered shared/_errors.html.erb (0.0ms)
  Rendered events/_form.html.erb (15.6ms)
  Rendered events/new.html.erb within layouts/application (15.6ms)
  Rendered layouts/_header.html.erb (0.0ms)
  Rendered layouts/_flashes.html.erb (0.0ms)
  Rendered layouts/_sidebar.html.erb (0.0ms)
  Rendered layouts/_footer.html.erb (0.0ms)
Completed 200 OK in 31ms (Views: 31.2ms | ActiveRecord: 0.0ms)


Started POST "/events" for 127.0.0.1 at 2015-03-14 21:25:37 +0100
Processing by EventsController#create as HTML
  Parameters: {"utf8"=>"✓", "authenticity_token"=>"dQcPMKTA2KPyI3Ruw5RwpFLdiC37mVUKTBosAaivVo8=", "event"=>{"name"=>"pippottero", "description"=>"descrizione per pippottero", "location"=>"Modena, Italia", "price"=>"6", "starts_at(1i)"=>"2015", "starts_at(2i)"=>"4", "starts_at(3i)"=>"14", "starts_at(4i)"=>"20", "starts_at(5i)"=>"24", "capacity"=>"14", "image_file_name"=>"rails.png"}, "commit"=>"Create Event"}
  [1m[35m (0.0ms)[0m  begin transaction
  [1m[36mSQL (1.0ms)[0m  [1mINSERT INTO "events" ("capacity", "created_at", "description", "image_file_name", "location", "name", "price", "starts_at", "updated_at") VALUES (?, ?, ?, ?, ?, ?, ?, ?, ?)[0m  [["capacity", 14], ["created_at", Sat, 14 Mar 2015 20:25:37 UTC +00:00], ["description", "descrizione per pippottero"], ["image_file_name", "rails.png"], ["location", "Modena, Italia"], ["name", "pippottero"], ["price", #<BigDecimal:3a092f0,'0.6E1',9(18)>], ["starts_at", Tue, 14 Apr 2015 20:24:00 UTC +00:00], ["updated_at", Sat, 14 Mar 2015 20:25:37 UTC +00:00]]
  [1m[35m (3.0ms)[0m  commit transaction
Redirected to http://localhost:3000/events/1
Completed 302 Found in 16ms (ActiveRecord: 4.0ms)


Started GET "/events/1" for 127.0.0.1 at 2015-03-14 21:25:37 +0100
Processing by EventsController#show as HTML
  Parameters: {"id"=>"1"}
  [1m[36mEvent Load (1.0ms)[0m  [1mSELECT "events".* FROM "events" WHERE "events"."id" = ? LIMIT 1[0m  [["id", "1"]]
  [1m[35m (1.0ms)[0m  SELECT COUNT(*) FROM "registrations" WHERE "registrations"."event_id" = ?  [["event_id", 1]]
  Rendered events/show.html.erb within layouts/application (75.0ms)
  Rendered layouts/_header.html.erb (0.0ms)
  Rendered layouts/_flashes.html.erb (0.0ms)
  Rendered layouts/_sidebar.html.erb (1.0ms)
  Rendered layouts/_footer.html.erb (0.0ms)
Completed 200 OK in 121ms (Views: 116.0ms | ActiveRecord: 3.0ms)


Started GET "/assets/application.css?body=1" for 127.0.0.1 at 2015-03-14 21:25:37 +0100


Started GET "/assets/normalize.css?body=1" for 127.0.0.1 at 2015-03-14 21:25:37 +0100


Started GET "/assets/layout.css?body=1" for 127.0.0.1 at 2015-03-14 21:25:37 +0100


Started GET "/assets/elements.css?body=1" for 127.0.0.1 at 2015-03-14 21:25:37 +0100


Started GET "/assets/events.css?body=1" for 127.0.0.1 at 2015-03-14 21:25:37 +0100


Started GET "/assets/buttons.css?body=1" for 127.0.0.1 at 2015-03-14 21:25:37 +0100


Started GET "/assets/forms.css?body=1" for 127.0.0.1 at 2015-03-14 21:25:37 +0100


Started GET "/assets/turbolinks.js?body=1" for 127.0.0.1 at 2015-03-14 21:25:37 +0100


Started GET "/assets/events.js?body=1" for 127.0.0.1 at 2015-03-14 21:25:37 +0100


Started GET "/assets/jquery.js?body=1" for 127.0.0.1 at 2015-03-14 21:25:37 +0100


Started GET "/assets/jquery_ujs.js?body=1" for 127.0.0.1 at 2015-03-14 21:25:37 +0100


Started GET "/assets/registrations.js?body=1" for 127.0.0.1 at 2015-03-14 21:25:38 +0100


Started GET "/assets/application.js?body=1" for 127.0.0.1 at 2015-03-14 21:25:38 +0100


Started GET "/assets/rails.png" for 127.0.0.1 at 2015-03-14 21:25:38 +0100


Started GET "/events/1/registrations/new" for 127.0.0.1 at 2015-03-14 21:25:47 +0100
Processing by RegistrationsController#new as HTML
  Parameters: {"event_id"=>"1"}
  [1m[36mEvent Load (0.0ms)[0m  [1mSELECT "events".* FROM "events" WHERE "events"."id" = ? LIMIT 1[0m  [["id", "1"]]
  Rendered shared/_errors.html.erb (0.0ms)
  Rendered registrations/new.html.erb within layouts/application (15.6ms)
  Rendered layouts/_header.html.erb (0.0ms)
  Rendered layouts/_flashes.html.erb (0.0ms)
  Rendered layouts/_sidebar.html.erb (0.0ms)
  Rendered layouts/_footer.html.erb (0.0ms)
Completed 200 OK in 62ms (Views: 46.8ms | ActiveRecord: 0.0ms)


Started POST "/events/1/registrations" for 127.0.0.1 at 2015-03-14 21:26:11 +0100
Processing by RegistrationsController#create as HTML
  Parameters: {"utf8"=>"✓", "authenticity_token"=>"dQcPMKTA2KPyI3Ruw5RwpFLdiC37mVUKTBosAaivVo8=", "registration"=>{"name"=>"primo utente a pippottero", "email"=>"primo@pippo.com", "how_heard"=>"Blog Post"}, "commit"=>"Create Registration", "event_id"=>"1"}
  [1m[35mEvent Load (0.0ms)[0m  SELECT "events".* FROM "events" WHERE "events"."id" = ? LIMIT 1  [["id", "1"]]
  [1m[36m (0.0ms)[0m  [1mbegin transaction[0m
  [1m[35mSQL (31.2ms)[0m  INSERT INTO "registrations" ("created_at", "email", "event_id", "how_heard", "name", "updated_at") VALUES (?, ?, ?, ?, ?, ?)  [["created_at", Sat, 14 Mar 2015 20:26:11 UTC +00:00], ["email", "primo@pippo.com"], ["event_id", 1], ["how_heard", "Blog Post"], ["name", "primo utente a pippottero"], ["updated_at", Sat, 14 Mar 2015 20:26:11 UTC +00:00]]
  [1m[36m (0.0ms)[0m  [1mcommit transaction[0m
Redirected to http://localhost:3000/events/1/registrations
Completed 302 Found in 47ms (ActiveRecord: 31.2ms)


Started GET "/events/1/registrations" for 127.0.0.1 at 2015-03-14 21:26:11 +0100
Processing by RegistrationsController#index as HTML
  Parameters: {"event_id"=>"1"}
  [1m[35mEvent Load (0.0ms)[0m  SELECT "events".* FROM "events" WHERE "events"."id" = ? LIMIT 1  [["id", "1"]]
  [1m[36mRegistration Load (0.0ms)[0m  [1mSELECT "registrations".* FROM "registrations" WHERE "registrations"."event_id" = ?[0m  [["event_id", 1]]
  Rendered registrations/index.html.erb within layouts/application (15.6ms)
  Rendered layouts/_header.html.erb (0.0ms)
  Rendered layouts/_flashes.html.erb (0.0ms)
  Rendered layouts/_sidebar.html.erb (0.0ms)
  Rendered layouts/_footer.html.erb (0.0ms)
Completed 200 OK in 47ms (Views: 46.8ms | ActiveRecord: 0.0ms)


Started GET "/assets/application.css?body=1" for 127.0.0.1 at 2015-03-14 21:26:12 +0100


Started GET "/assets/forms.css?body=1" for 127.0.0.1 at 2015-03-14 21:26:12 +0100


Started GET "/assets/normalize.css?body=1" for 127.0.0.1 at 2015-03-14 21:26:12 +0100


Started GET "/assets/jquery.js?body=1" for 127.0.0.1 at 2015-03-14 21:26:12 +0100


Started GET "/assets/layout.css?body=1" for 127.0.0.1 at 2015-03-14 21:26:12 +0100


Started GET "/assets/elements.css?body=1" for 127.0.0.1 at 2015-03-14 21:26:12 +0100


Started GET "/assets/jquery_ujs.js?body=1" for 127.0.0.1 at 2015-03-14 21:26:12 +0100


Started GET "/assets/events.css?body=1" for 127.0.0.1 at 2015-03-14 21:26:12 +0100


Started GET "/assets/turbolinks.js?body=1" for 127.0.0.1 at 2015-03-14 21:26:12 +0100


Started GET "/assets/buttons.css?body=1" for 127.0.0.1 at 2015-03-14 21:26:12 +0100


Started GET "/assets/events.js?body=1" for 127.0.0.1 at 2015-03-14 21:26:12 +0100


Started GET "/assets/registrations.js?body=1" for 127.0.0.1 at 2015-03-14 21:26:12 +0100


Started GET "/assets/application.js?body=1" for 127.0.0.1 at 2015-03-14 21:26:12 +0100


Started GET "/events" for 127.0.0.1 at 2015-03-14 21:26:49 +0100
Processing by EventsController#index as HTML
  [1m[35mEvent Load (0.0ms)[0m  SELECT "events".* FROM "events" WHERE (starts_at >= '2015-03-14 20:26:49.753862') ORDER BY "events"."starts_at" ASC
  Rendered events/index.html.erb within layouts/application (6.0ms)
  Rendered layouts/_header.html.erb (0.0ms)
  Rendered layouts/_flashes.html.erb (0.0ms)
  Rendered layouts/_sidebar.html.erb (0.0ms)
  Rendered layouts/_footer.html.erb (0.0ms)
Completed 200 OK in 28ms (Views: 26.0ms | ActiveRecord: 0.0ms)


Started GET "/events/1" for 127.0.0.1 at 2015-03-14 21:27:06 +0100
Processing by EventsController#show as HTML
  Parameters: {"id"=>"1"}
  [1m[36mEvent Load (0.0ms)[0m  [1mSELECT "events".* FROM "events" WHERE "events"."id" = ? LIMIT 1[0m  [["id", "1"]]
  [1m[35m (0.0ms)[0m  SELECT COUNT(*) FROM "registrations" WHERE "registrations"."event_id" = ?  [["event_id", 1]]
  Rendered events/show.html.erb within layouts/application (9.0ms)
  Rendered layouts/_header.html.erb (0.0ms)
  Rendered layouts/_flashes.html.erb (0.0ms)
  Rendered layouts/_sidebar.html.erb (1.0ms)
  Rendered layouts/_footer.html.erb (0.0ms)
Completed 200 OK in 33ms (Views: 31.0ms | ActiveRecord: 0.0ms)


Started GET "/events/1/registrations/new" for 127.0.0.1 at 2015-03-14 21:27:14 +0100
Processing by RegistrationsController#new as HTML
  Parameters: {"event_id"=>"1"}
  [1m[36mEvent Load (0.0ms)[0m  [1mSELECT "events".* FROM "events" WHERE "events"."id" = ? LIMIT 1[0m  [["id", "1"]]
  Rendered shared/_errors.html.erb (0.0ms)
  Rendered registrations/new.html.erb within layouts/application (0.0ms)
  Rendered layouts/_header.html.erb (0.0ms)
  Rendered layouts/_flashes.html.erb (0.0ms)
  Rendered layouts/_sidebar.html.erb (0.0ms)
  Rendered layouts/_footer.html.erb (0.0ms)
Completed 200 OK in 31ms (Views: 31.2ms | ActiveRecord: 0.0ms)


Started POST "/events/1/registrations" for 127.0.0.1 at 2015-03-14 21:27:29 +0100
Processing by RegistrationsController#create as HTML
  Parameters: {"utf8"=>"✓", "authenticity_token"=>"dQcPMKTA2KPyI3Ruw5RwpFLdiC37mVUKTBosAaivVo8=", "registration"=>{"name"=>"ugo pincelli", "email"=>"pilato@kkk.com", "how_heard"=>"Other"}, "commit"=>"Create Registration", "event_id"=>"1"}
  [1m[35mEvent Load (0.0ms)[0m  SELECT "events".* FROM "events" WHERE "events"."id" = ? LIMIT 1  [["id", "1"]]
  [1m[36m (0.0ms)[0m  [1mbegin transaction[0m
  [1m[35mSQL (1.0ms)[0m  INSERT INTO "registrations" ("created_at", "email", "event_id", "how_heard", "name", "updated_at") VALUES (?, ?, ?, ?, ?, ?)  [["created_at", Sat, 14 Mar 2015 20:27:29 UTC +00:00], ["email", "pilato@kkk.com"], ["event_id", 1], ["how_heard", "Other"], ["name", "ugo pincelli"], ["updated_at", Sat, 14 Mar 2015 20:27:29 UTC +00:00]]
  [1m[36m (3.0ms)[0m  [1mcommit transaction[0m
Redirected to http://localhost:3000/events/1/registrations
Completed 302 Found in 15ms (ActiveRecord: 4.0ms)


Started GET "/events/1/registrations" for 127.0.0.1 at 2015-03-14 21:27:29 +0100
Processing by RegistrationsController#index as HTML
  Parameters: {"event_id"=>"1"}
  [1m[35mEvent Load (0.0ms)[0m  SELECT "events".* FROM "events" WHERE "events"."id" = ? LIMIT 1  [["id", "1"]]
  [1m[36mRegistration Load (0.0ms)[0m  [1mSELECT "registrations".* FROM "registrations" WHERE "registrations"."event_id" = ?[0m  [["event_id", 1]]
  Rendered registrations/index.html.erb within layouts/application (3.0ms)
  Rendered layouts/_header.html.erb (0.0ms)
  Rendered layouts/_flashes.html.erb (0.0ms)
  Rendered layouts/_sidebar.html.erb (0.0ms)
  Rendered layouts/_footer.html.erb (0.0ms)
Completed 200 OK in 23ms (Views: 19.0ms | ActiveRecord: 0.0ms)


Started GET "/assets/application.css?body=1" for 127.0.0.1 at 2015-03-14 21:27:29 +0100


Started GET "/assets/normalize.css?body=1" for 127.0.0.1 at 2015-03-14 21:27:29 +0100


Started GET "/assets/layout.css?body=1" for 127.0.0.1 at 2015-03-14 21:27:29 +0100


Started GET "/assets/elements.css?body=1" for 127.0.0.1 at 2015-03-14 21:27:29 +0100


Started GET "/assets/events.css?body=1" for 127.0.0.1 at 2015-03-14 21:27:29 +0100


Started GET "/assets/forms.css?body=1" for 127.0.0.1 at 2015-03-14 21:27:29 +0100


Started GET "/assets/jquery.js?body=1" for 127.0.0.1 at 2015-03-14 21:27:29 +0100


Started GET "/assets/buttons.css?body=1" for 127.0.0.1 at 2015-03-14 21:27:29 +0100


Started GET "/assets/jquery_ujs.js?body=1" for 127.0.0.1 at 2015-03-14 21:27:30 +0100


Started GET "/assets/application.js?body=1" for 127.0.0.1 at 2015-03-14 21:27:30 +0100


Started GET "/assets/events.js?body=1" for 127.0.0.1 at 2015-03-14 21:27:30 +0100


Started GET "/assets/registrations.js?body=1" for 127.0.0.1 at 2015-03-14 21:27:30 +0100


Started GET "/assets/turbolinks.js?body=1" for 127.0.0.1 at 2015-03-14 21:27:30 +0100


Started GET "/" for 127.0.0.1 at 2015-03-16 16:28:49 +0100
  [1m[36mActiveRecord::SchemaMigration Load (0.0ms)[0m  [1mSELECT "schema_migrations".* FROM "schema_migrations"[0m
Processing by EventsController#index as HTML
  [1m[35mEvent Load (0.0ms)[0m  SELECT "events".* FROM "events" WHERE (starts_at >= '2015-03-16 15:28:49.989944') ORDER BY "events"."starts_at" ASC
  Rendered events/index.html.erb within layouts/application (301.0ms)
  Rendered layouts/_header.html.erb (1.0ms)
  Rendered layouts/_flashes.html.erb (1.0ms)
  Rendered layouts/_sidebar.html.erb (0.0ms)
  Rendered layouts/_footer.html.erb (1.0ms)
Completed 200 OK in 880ms (Views: 825.0ms | ActiveRecord: 1.0ms)


Started GET "/assets/application.css?body=1" for 127.0.0.1 at 2015-03-16 16:28:50 +0100


Started GET "/assets/normalize.css?body=1" for 127.0.0.1 at 2015-03-16 16:28:51 +0100


Started GET "/assets/layout.css?body=1" for 127.0.0.1 at 2015-03-16 16:28:51 +0100


Started GET "/assets/elements.css?body=1" for 127.0.0.1 at 2015-03-16 16:28:51 +0100


Started GET "/assets/events.css?body=1" for 127.0.0.1 at 2015-03-16 16:28:51 +0100


Started GET "/assets/buttons.css?body=1" for 127.0.0.1 at 2015-03-16 16:28:51 +0100


Started GET "/assets/forms.css?body=1" for 127.0.0.1 at 2015-03-16 16:28:51 +0100


Started GET "/assets/jquery.js?body=1" for 127.0.0.1 at 2015-03-16 16:28:51 +0100


Started GET "/assets/jquery_ujs.js?body=1" for 127.0.0.1 at 2015-03-16 16:28:51 +0100


Started GET "/assets/turbolinks.js?body=1" for 127.0.0.1 at 2015-03-16 16:28:51 +0100


Started GET "/assets/events.js?body=1" for 127.0.0.1 at 2015-03-16 16:28:51 +0100


Started GET "/assets/registrations.js?body=1" for 127.0.0.1 at 2015-03-16 16:28:51 +0100


Started GET "/assets/application.js?body=1" for 127.0.0.1 at 2015-03-16 16:28:51 +0100


Started GET "/assets/background.jpg" for 127.0.0.1 at 2015-03-16 16:28:51 +0100


Started GET "/assets/arrow.png" for 127.0.0.1 at 2015-03-16 16:28:51 +0100


Started GET "/assets/add.png" for 127.0.0.1 at 2015-03-16 16:28:51 +0100


Started GET "/assets/logo.png" for 127.0.0.1 at 2015-03-16 16:28:51 +0100


Started GET "/events/1" for 127.0.0.1 at 2015-03-16 16:29:27 +0100
Processing by EventsController#show as HTML
  Parameters: {"id"=>"1"}
  [1m[36mEvent Load (10.0ms)[0m  [1mSELECT "events".* FROM "events" WHERE "events"."id" = ? LIMIT 1[0m  [["id", "1"]]
  [1m[35m (0.0ms)[0m  SELECT COUNT(*) FROM "registrations" WHERE "registrations"."event_id" = ?  [["event_id", 1]]
  Rendered events/show.html.erb within layouts/application (187.0ms)
  Rendered layouts/_header.html.erb (1.0ms)
  Rendered layouts/_flashes.html.erb (1.0ms)
  Rendered layouts/_sidebar.html.erb (1.0ms)
  Rendered layouts/_footer.html.erb (1.0ms)
Completed 200 OK in 246ms (Views: 230.0ms | ActiveRecord: 11.0ms)


Started GET "/events/1/registrations" for 127.0.0.1 at 2015-03-16 16:29:32 +0100
Processing by RegistrationsController#index as HTML
  Parameters: {"event_id"=>"1"}
  [1m[36mEvent Load (0.0ms)[0m  [1mSELECT "events".* FROM "events" WHERE "events"."id" = ? LIMIT 1[0m  [["id", "1"]]
  [1m[35mRegistration Load (0.0ms)[0m  SELECT "registrations".* FROM "registrations" WHERE "registrations"."event_id" = ?  [["event_id", 1]]
  Rendered registrations/index.html.erb within layouts/application (41.0ms)
  Rendered layouts/_header.html.erb (0.0ms)
  Rendered layouts/_flashes.html.erb (0.0ms)
  Rendered layouts/_sidebar.html.erb (1.0ms)
  Rendered layouts/_footer.html.erb (0.0ms)
Completed 200 OK in 79ms (Views: 69.0ms | ActiveRecord: 0.0ms)


Started GET "/events/1" for 127.0.0.1 at 2015-03-16 16:34:30 +0100
Processing by EventsController#show as HTML
  Parameters: {"id"=>"1"}
  [1m[36mEvent Load (1.0ms)[0m  [1mSELECT "events".* FROM "events" WHERE "events"."id" = ? LIMIT 1[0m  [["id", "1"]]
  [1m[35m (0.0ms)[0m  SELECT COUNT(*) FROM "registrations" WHERE "registrations"."event_id" = ?  [["event_id", 1]]
  Rendered events/show.html.erb within layouts/application (6.0ms)
  Rendered layouts/_header.html.erb (0.0ms)
  Rendered layouts/_flashes.html.erb (1.0ms)
  Rendered layouts/_sidebar.html.erb (0.0ms)
  Rendered layouts/_footer.html.erb (0.0ms)
Completed 200 OK in 28ms (Views: 25.0ms | ActiveRecord: 1.0ms)


Started GET "/events/1/registrations" for 127.0.0.1 at 2015-03-16 16:36:30 +0100
Processing by RegistrationsController#index as HTML
  Parameters: {"event_id"=>"1"}
  [1m[36mEvent Load (0.0ms)[0m  [1mSELECT "events".* FROM "events" WHERE "events"."id" = ? LIMIT 1[0m  [["id", "1"]]
  [1m[35mRegistration Load (0.0ms)[0m  SELECT "registrations".* FROM "registrations" WHERE "registrations"."event_id" = ?  [["event_id", 1]]
  Rendered registrations/index.html.erb within layouts/application (4.0ms)
  Rendered layouts/_header.html.erb (0.0ms)
  Rendered layouts/_flashes.html.erb (0.0ms)
  Rendered layouts/_sidebar.html.erb (1.0ms)
  Rendered layouts/_footer.html.erb (0.0ms)
Completed 200 OK in 26ms (Views: 23.0ms | ActiveRecord: 0.0ms)
